==================== 2026-01-16T10:43:45.235066Z | 05170616-95dd-4935-bdd4-1e00ba97e95a ====================
10:43:45.235148 [info ]: Starting dbt LSP server
10:43:45.235212 [info ]: Connecting to LSP client on port 8000
10:43:45.237982 [info ]: Successfully connected to LSP client
10:43:45.238020 [info ]: Creating LSP service...
10:43:45.360667 [info ]: Creating LSP server...
10:43:45.360701 [info ]: Starting LSP server...
10:43:45.458522 [info ]: Started loading project
10:43:45.466173 [info ]: Loading ~/.dbt/profiles.yml
10:43:45.911805 [warn ]: dbt1065: Package 'dbt_utils' requires dbt version [>=1.3.0, <2.0.0], but current version is 2.0.0-preview.92. This package may not be compatible with your dbt version.
10:43:46.316271 [info ]: Loading ~/.dbt/profiles.yml
10:43:51.508727 [warn ]: dbt1065: Package 'dbt_date' has been moved to 'godatadriven/dbt_date'. Please update your package reference.
10:43:51.508803 [warn ]: dbt1065: Package 'dbt_date' requires dbt version [>=1.2.0, <2.0.0], but current version is 2.0.0-preview.92. This package may not be compatible with your dbt version.
10:43:51.592108 [info ]: Finished loading project [  6.13s]
10:43:51.598966 [info ]: Started parsing
10:43:52.390610 [info ]: Finished parsing [  0.79s]
10:43:52.396811 [info ]: Cached model count updated: 9 models (estimate)
10:43:52.396845 [info ]: Cached model count updated: 9 models (accurate)
10:43:52.399298 [info ]: Started scheduling
10:43:52.405175 [info ]: Finished scheduling [  0.01s]
10:43:52.788104 [info ]: Started building task graph
10:43:52.795611 [info ]: Finished building task graph [  0.01s]
10:43:52.806052 [info ]: Started rendering (11 nodes)
10:43:52.808225 [info ]: Started seed dbt_project_schema_l3.salestargets
10:43:52.809636 [debug]: Started rendering seed dbt_project_schema_l3.salestargets
10:43:52.810272 [info ]: Started model dbt_project_schema_l3.orderitems_uniq
10:43:52.810294 [debug]: Started rendering model dbt_project_schema_l3.orderitems_uniq
10:43:52.810317 [info ]: Started model dbt_project_schema_l3.employees_stg
10:43:52.810326 [debug]: Started rendering model dbt_project_schema_l3.employees_stg
10:43:52.810337 [info ]: Started model dbt_project_schema_l2.customers_stg
10:43:52.810346 [debug]: Started rendering model dbt_project_schema_l2.customers_stg
10:43:52.810366 [info ]: Started model dbt_project_schema_l3.customerorder
10:43:52.810375 [debug]: Started rendering model dbt_project_schema_l3.customerorder
10:43:52.810573 [info ]: Started analysis dbt_project_schema_l3.StoreRevenue
10:43:52.810595 [debug]: Started rendering analysis dbt_project_schema_l3.StoreRevenue
10:43:52.810847 [info ]: Started model dbt_project_schema_l2.orders_stg
10:43:52.810860 [debug]: Started rendering model dbt_project_schema_l2.orders_stg
10:43:52.810877 [info ]: Started model dbt_project_schema_l2.orderitems_stg
10:43:52.810885 [debug]: Started rendering model dbt_project_schema_l2.orderitems_stg
10:43:52.836086 [debug]: Finished rendering [  0.03s] analysis dbt_project_schema_l3.StoreRevenue [success]
10:43:52.836403 [debug]: Finished rendering [  0.03s] model dbt_project_schema_l2.orders_stg [success]
10:43:52.836467 [info ]: Started analyzing (11 nodes)
10:43:52.836490 [debug]: Started analyzing model dbt_project_schema_l2.orders_stg
10:43:52.836515 [debug]: Finished rendering [  0.03s] model dbt_project_schema_l2.orderitems_stg [success]
10:43:52.836533 [debug]: Started analyzing model dbt_project_schema_l2.orderitems_stg
10:43:52.836558 [debug]: Finished rendering [  0.03s] model dbt_project_schema_l3.customerorder [success]
10:43:52.836572 [debug]: Started analyzing model dbt_project_schema_l3.customerorder
10:43:52.836591 [debug]: Finished rendering [  0.03s] model dbt_project_schema_l2.customers_stg [success]
10:43:52.836604 [debug]: Started analyzing model dbt_project_schema_l2.customers_stg
10:43:52.836622 [debug]: Finished rendering [  0.03s] model dbt_project_schema_l3.employees_stg [success]
10:43:52.836635 [debug]: Started analyzing model dbt_project_schema_l3.employees_stg
10:43:52.857501 [debug]: Finished rendering [  0.05s] model dbt_project_schema_l3.orderitems_uniq [success]
10:43:52.857564 [debug]: Started analyzing model dbt_project_schema_l3.orderitems_uniq
10:43:52.895173 [debug]: Finished rendering [  0.09s] seed dbt_project_schema_l3.salestargets [success]
10:43:52.895234 [debug]: Started analyzing seed dbt_project_schema_l3.salestargets
10:43:52.898475 [info ]:  Succeeded [  0.09s] seed  dbt_project_schema_l3.salestargets (table)
10:43:52.899566 [debug]: Finished analyzing [  0.00s] seed dbt_project_schema_l3.salestargets [success]
10:43:53.016688 [info ]:  Succeeded [  0.20s] model dbt_project_schema_l2.orderitems_stg (view)
10:43:53.016772 [debug]: Finished analyzing [  0.18s] model dbt_project_schema_l2.orderitems_stg [success]
10:43:53.017252 [info ]:  Succeeded [  0.20s] model dbt_project_schema_l2.orders_stg (view)
10:43:53.017589 [debug]: Finished analyzing [  0.18s] model dbt_project_schema_l2.orders_stg [success]
10:43:53.017674 [info ]: Started model dbt_project_schema_l2.orders_fact
10:43:53.017700 [debug]: Started rendering model dbt_project_schema_l2.orders_fact
10:43:53.020062 [debug]: Started analyzing model dbt_project_schema_l2.orders_fact
10:43:53.020145 [debug]: Finished rendering [  0.00s] model dbt_project_schema_l2.orders_fact [success]
10:43:53.023049 [info ]:  Succeeded [  0.21s] model dbt_project_schema_l2.customers_stg (view)
10:43:53.023093 [debug]: Finished analyzing [  0.19s] model dbt_project_schema_l2.customers_stg [success]
10:43:53.023118 [info ]:  Succeeded [  0.21s] model dbt_project_schema_l3.employees_stg (view)
10:43:53.023136 [debug]: Finished analyzing [  0.19s] model dbt_project_schema_l3.employees_stg [success]
10:43:53.025571 [info ]:  Succeeded [  0.21s] model dbt_project_schema_l3.orderitems_uniq (view)
10:43:53.025619 [debug]: Finished analyzing [  0.17s] model dbt_project_schema_l3.orderitems_uniq [success]
10:43:53.051846 [info ]:  Succeeded [  0.03s] model dbt_project_schema_l2.orders_fact (table)
10:43:53.051905 [debug]: Finished analyzing [  0.03s] model dbt_project_schema_l2.orders_fact [success]
10:43:53.051944 [info ]: Started model dbt_project_schema_l3.storeperformance
10:43:53.051967 [debug]: Started rendering model dbt_project_schema_l3.storeperformance
10:43:53.052032 [info ]: Started model dbt_project_schema_l3.customerrevenue
10:43:53.052057 [debug]: Started rendering model dbt_project_schema_l3.customerrevenue
10:43:53.052076 [debug]: Started analyzing analysis dbt_project_schema_l3.StoreRevenue
10:43:53.053918 [debug]: Finished rendering [  0.00s] model dbt_project_schema_l3.customerrevenue [success]
10:43:53.053974 [debug]: Started analyzing model dbt_project_schema_l3.customerrevenue
10:43:53.054006 [debug]: Finished rendering [  0.00s] model dbt_project_schema_l3.storeperformance [success]
10:43:53.054020 [info ]: Finished rendering [  0.25s] (11 nodes, 0 skipped, 0 errors)
10:43:53.054035 [debug]: Started analyzing model dbt_project_schema_l3.storeperformance
10:43:53.058353 [info ]:  Succeeded [  0.25s] model dbt_project_schema_l3.customerorder (table)
10:43:53.058402 [debug]: Finished analyzing [  0.22s] model dbt_project_schema_l3.customerorder [success]
10:43:53.063483 [info ]:  Succeeded [  0.04s] analysis dbt_project_schema_l3.StoreRevenue (analysis)
10:43:53.063532 [debug]: Finished analyzing [  0.01s] analysis dbt_project_schema_l3.StoreRevenue [success]
10:43:53.064439 [info ]:  Succeeded [  0.01s] model dbt_project_schema_l3.customerrevenue (table)
10:43:53.064472 [debug]: Finished analyzing [  0.01s] model dbt_project_schema_l3.customerrevenue [success]
10:43:53.072557 [info ]:  Succeeded [  0.02s] model dbt_project_schema_l3.storeperformance (view)
10:43:53.072618 [debug]: Finished analyzing [  0.02s] model dbt_project_schema_l3.storeperformance [success]
10:43:53.072640 [info ]: Finished analyzing [  0.24s] (11 nodes, 0 skipped, 0 errors)
10:43:53.091212 [info ]: Cached model count updated: 9 models (accurate)
==================== 2026-01-17T11:36:30.286273Z | 64208767-f009-4eb8-b870-d932433a9428 ====================
11:36:30.289223 [info ]: Starting dbt LSP server
11:36:30.289300 [info ]: Connecting to LSP client on port 8000
11:36:30.295744 [info ]: Successfully connected to LSP client
11:36:30.295829 [info ]: Creating LSP service...
11:36:30.659556 [info ]: Creating LSP server...
11:36:30.659884 [info ]: Starting LSP server...
11:36:31.119951 [info ]: Started loading project
11:36:31.219734 [info ]: Loading ~/.dbt/profiles.yml
11:36:31.947456 [info ]: Loading ~/.dbt/profiles.yml
11:36:32.614359 [warn ]: dbt1065: Package 'dbt_utils' requires dbt version [>=1.3.0, <2.0.0], but current version is 2.0.0-preview.92. This package may not be compatible with your dbt version.
11:36:43.282971 [warn ]: dbt1065: Package 'dbt_date' has been moved to 'godatadriven/dbt_date'. Please update your package reference.
11:36:43.283156 [warn ]: dbt1065: Package 'dbt_date' requires dbt version [>=1.2.0, <2.0.0], but current version is 2.0.0-preview.92. This package may not be compatible with your dbt version.
11:36:43.502432 [info ]: Finished loading project [ 12.38s]
11:36:43.517985 [info ]: Started parsing
11:36:45.434395 [info ]: Finished parsing [  1.92s]
11:36:45.441557 [info ]: Cached model count updated: 9 models (estimate)
11:36:45.441609 [info ]: Cached model count updated: 9 models (accurate)
11:36:45.444464 [info ]: Started scheduling
11:36:45.452575 [info ]: Finished scheduling [  0.01s]
11:36:46.803285 [info ]: Started building task graph
11:36:46.814424 [info ]: Finished building task graph [  0.01s]
11:36:46.829505 [info ]: Started rendering (11 nodes)
11:36:46.833519 [info ]: Started seed dbt_project_schema_l3.salestargets
11:36:46.835946 [debug]: Started rendering seed dbt_project_schema_l3.salestargets
11:36:46.836917 [info ]: Started model dbt_project_schema_l3.orderitems_uniq
11:36:46.837019 [debug]: Started rendering model dbt_project_schema_l3.orderitems_uniq
11:36:46.837085 [info ]: Started model dbt_project_schema_l3.employees_stg
11:36:46.837117 [debug]: Started rendering model dbt_project_schema_l3.employees_stg
11:36:46.837155 [info ]: Started model dbt_project_schema_l2.customers_stg
11:36:46.837183 [debug]: Started rendering model dbt_project_schema_l2.customers_stg
11:36:46.837230 [info ]: Started model dbt_project_schema_l3.customerorder
11:36:46.837254 [debug]: Started rendering model dbt_project_schema_l3.customerorder
11:36:46.837614 [info ]: Started analysis dbt_project_schema_l3.StoreRevenue
11:36:46.837673 [debug]: Started rendering analysis dbt_project_schema_l3.StoreRevenue
11:36:46.837749 [info ]: Started model dbt_project_schema_l2.orders_stg
11:36:46.837799 [debug]: Started rendering model dbt_project_schema_l2.orders_stg
11:36:46.837842 [info ]: Started model dbt_project_schema_l2.orderitems_stg
11:36:46.837866 [debug]: Started rendering model dbt_project_schema_l2.orderitems_stg
11:36:46.898981 [debug]: Finished rendering [  0.06s] model dbt_project_schema_l3.employees_stg [success]
11:36:46.899084 [info ]: Started analyzing (11 nodes)
11:36:46.899122 [debug]: Started analyzing model dbt_project_schema_l3.employees_stg
11:36:46.899170 [debug]: Finished rendering [  0.06s] model dbt_project_schema_l3.customerorder [success]
11:36:46.899198 [debug]: Started analyzing model dbt_project_schema_l3.customerorder
11:36:46.899223 [debug]: Finished rendering [  0.06s] model dbt_project_schema_l2.customers_stg [success]
11:36:46.899235 [debug]: Started analyzing model dbt_project_schema_l2.customers_stg
11:36:46.899254 [debug]: Finished rendering [  0.06s] analysis dbt_project_schema_l3.StoreRevenue [success]
11:36:46.899271 [debug]: Finished rendering [  0.06s] model dbt_project_schema_l2.orderitems_stg [success]
11:36:46.899282 [debug]: Started analyzing model dbt_project_schema_l2.orderitems_stg
11:36:46.899300 [debug]: Finished rendering [  0.06s] model dbt_project_schema_l2.orders_stg [success]
11:36:46.899311 [debug]: Started analyzing model dbt_project_schema_l2.orders_stg
11:36:46.907091 [debug]: Started analyzing model dbt_project_schema_l3.orderitems_uniq
11:36:46.907094 [debug]: Finished rendering [  0.07s] model dbt_project_schema_l3.orderitems_uniq [success]
11:36:47.000563 [debug]: Finished rendering [  0.16s] seed dbt_project_schema_l3.salestargets [success]
11:36:47.000697 [debug]: Started analyzing seed dbt_project_schema_l3.salestargets
11:36:47.007514 [info ]:  Succeeded [  0.17s] seed  dbt_project_schema_l3.salestargets (table)
11:36:47.008112 [debug]: Finished analyzing [  0.01s] seed dbt_project_schema_l3.salestargets [success]
11:36:47.239193 [info ]:  Succeeded [  0.40s] model dbt_project_schema_l2.orderitems_stg (view)
11:36:47.239279 [debug]: Finished analyzing [  0.34s] model dbt_project_schema_l2.orderitems_stg [success]
11:36:47.239444 [info ]:  Succeeded [  0.40s] model dbt_project_schema_l2.orders_stg (view)
11:36:47.239481 [debug]: Finished analyzing [  0.34s] model dbt_project_schema_l2.orders_stg [success]
11:36:47.239516 [info ]: Started model dbt_project_schema_l2.orders_fact
11:36:47.239533 [debug]: Started rendering model dbt_project_schema_l2.orders_fact
11:36:47.242286 [debug]: Finished rendering [  0.00s] model dbt_project_schema_l2.orders_fact [success]
11:36:47.242334 [debug]: Started analyzing model dbt_project_schema_l2.orders_fact
11:36:47.247584 [info ]:  Succeeded [  0.41s] model dbt_project_schema_l3.employees_stg (view)
11:36:47.247633 [debug]: Finished analyzing [  0.35s] model dbt_project_schema_l3.employees_stg [success]
11:36:47.248344 [info ]:  Succeeded [  0.41s] model dbt_project_schema_l2.customers_stg (view)
11:36:47.248380 [debug]: Finished analyzing [  0.35s] model dbt_project_schema_l2.customers_stg [success]
11:36:47.256551 [info ]:  Succeeded [  0.42s] model dbt_project_schema_l3.orderitems_uniq (view)
11:36:47.256637 [debug]: Finished analyzing [  0.35s] model dbt_project_schema_l3.orderitems_uniq [success]
11:36:47.291989 [info ]:  Succeeded [  0.05s] model dbt_project_schema_l2.orders_fact (table)
11:36:47.292035 [debug]: Finished analyzing [  0.05s] model dbt_project_schema_l2.orders_fact [success]
11:36:47.292324 [info ]: Started model dbt_project_schema_l3.storeperformance
11:36:47.292383 [debug]: Started rendering model dbt_project_schema_l3.storeperformance
11:36:47.292447 [info ]: Started model dbt_project_schema_l3.customerrevenue
11:36:47.292487 [debug]: Started rendering model dbt_project_schema_l3.customerrevenue
11:36:47.292539 [debug]: Started analyzing analysis dbt_project_schema_l3.StoreRevenue
11:36:47.294235 [info ]:  Succeeded [  0.46s] model dbt_project_schema_l3.customerorder (table)
11:36:47.294276 [debug]: Finished analyzing [  0.40s] model dbt_project_schema_l3.customerorder [success]
11:36:47.296832 [debug]: Finished rendering [  0.00s] model dbt_project_schema_l3.customerrevenue [success]
11:36:47.296905 [debug]: Started analyzing model dbt_project_schema_l3.customerrevenue
11:36:47.297762 [debug]: Started analyzing model dbt_project_schema_l3.storeperformance
11:36:47.299782 [debug]: Finished rendering [  0.01s] model dbt_project_schema_l3.storeperformance [success]
11:36:47.299809 [info ]: Finished rendering [  0.47s] (11 nodes, 0 skipped, 0 errors)
11:36:47.317792 [info ]:  Succeeded [  0.09s] analysis dbt_project_schema_l3.StoreRevenue (analysis)
11:36:47.317843 [debug]: Finished analyzing [  0.03s] analysis dbt_project_schema_l3.StoreRevenue [success]
11:36:47.321633 [info ]:  Succeeded [  0.03s] model dbt_project_schema_l3.customerrevenue (table)
11:36:47.321685 [debug]: Finished analyzing [  0.02s] model dbt_project_schema_l3.customerrevenue [success]
11:36:47.335620 [info ]:  Succeeded [  0.04s] model dbt_project_schema_l3.storeperformance (view)
11:36:47.335673 [debug]: Finished analyzing [  0.04s] model dbt_project_schema_l3.storeperformance [success]
11:36:47.335686 [info ]: Finished analyzing [  0.44s] (11 nodes, 0 skipped, 0 errors)
11:36:47.354274 [info ]: Cached model count updated: 9 models (accurate)
16:34:51.475726 [info ]: Started loading project
16:34:51.562086 [info ]: Loading ~/.dbt/profiles.yml
16:34:51.643246 [info ]: Started loading project
16:34:51.644299 [info ]: Loading ~/.dbt/profiles.yml
16:34:51.645804 [info ]: Finished loading project [  0.17s]
16:34:52.599438 [warn ]: dbt1065: Package 'dbt_utils' requires dbt version [>=1.3.0, <2.0.0], but current version is 2.0.0-preview.92. This package may not be compatible with your dbt version.
16:35:03.162512 [warn ]: dbt1065: Package 'dbt_date' has been moved to 'godatadriven/dbt_date'. Please update your package reference.
16:35:03.164377 [warn ]: dbt1065: Package 'dbt_date' requires dbt version [>=1.2.0, <2.0.0], but current version is 2.0.0-preview.92. This package may not be compatible with your dbt version.
16:35:03.204978 [info ]: Finished loading project [ 11.56s]
16:35:03.210780 [info ]: Started parsing
16:35:03.496063 [info ]: Finished parsing [  0.29s]
16:35:03.498747 [info ]: Cached model count updated: 10 models (estimate)
16:35:03.498770 [info ]: Cached model count updated: 10 models (accurate)
16:35:03.499999 [info ]: Started scheduling
16:35:03.502922 [info ]: Finished scheduling [  0.00s]
16:35:03.813458 [info ]: Started building task graph
16:35:03.822108 [warn ]: dbt1000: Detected unsafe introspection which may lead to non-deterministic static analysis. To suppress this warning, set static_analysis to 'unsafe' in the nodes' configuration. Learn more: https://docs.getdbt.com/docs/fusion/new-concepts. Nodes: 'model.dbt_full_project_tutorial.hook_test' (this)
16:35:03.838505 [info ]: Started rendering (12 nodes)
16:35:03.840050 [info ]: Started seed dbt_project_schema_l3.salestargets
16:35:03.840785 [debug]: Started rendering seed dbt_project_schema_l3.salestargets
16:35:03.840842 [info ]: Started model dbt_project_schema_l3.orderitems_uniq
16:35:03.840851 [debug]: Started rendering model dbt_project_schema_l3.orderitems_uniq
16:35:03.840866 [info ]: Started model dbt_project_schema_l3.hook_test
16:35:03.840872 [debug]: Started rendering model dbt_project_schema_l3.hook_test
16:35:03.840868 [info ]: Finished building task graph [  0.03s]
16:35:03.840885 [info ]: Started model dbt_project_schema_l3.employees_stg
16:35:03.840896 [debug]: Started rendering model dbt_project_schema_l3.employees_stg
16:35:03.840911 [info ]: Started model dbt_project_schema_l2.customers_stg
16:35:03.840931 [debug]: Started rendering model dbt_project_schema_l2.customers_stg
16:35:03.840942 [info ]: Started model dbt_project_schema_l3.customerorder
16:35:03.840947 [debug]: Started rendering model dbt_project_schema_l3.customerorder
16:35:03.841176 [info ]: Started analysis dbt_project_schema_l3.StoreRevenue
16:35:03.841194 [debug]: Started rendering analysis dbt_project_schema_l3.StoreRevenue
16:35:03.841220 [info ]: Started model dbt_project_schema_l2.orders_stg
16:35:03.841230 [debug]: Started rendering model dbt_project_schema_l2.orders_stg
16:35:03.841245 [info ]: Started model dbt_project_schema_l2.orderitems_stg
16:35:03.841251 [debug]: Started rendering model dbt_project_schema_l2.orderitems_stg
16:35:03.871195 [debug]: Finished rendering [  0.03s] analysis dbt_project_schema_l3.StoreRevenue [success]
16:35:03.871303 [debug]: Finished rendering [  0.03s] model dbt_project_schema_l2.orderitems_stg [success]
16:35:03.871678 [info ]: Started analyzing (12 nodes)
16:35:03.871732 [debug]: Started analyzing model dbt_project_schema_l2.orderitems_stg
16:35:03.871783 [debug]: Finished rendering [  0.03s] model dbt_project_schema_l3.hook_test [success]
16:35:03.871813 [debug]: Started analyzing model dbt_project_schema_l3.hook_test
16:35:03.871840 [debug]: Finished rendering [  0.03s] model dbt_project_schema_l2.orders_stg [success]
16:35:03.871852 [debug]: Started analyzing model dbt_project_schema_l2.orders_stg
16:35:03.871867 [debug]: Finished rendering [  0.03s] model dbt_project_schema_l3.employees_stg [success]
16:35:03.871877 [debug]: Started analyzing model dbt_project_schema_l3.employees_stg
16:35:03.871892 [debug]: Finished rendering [  0.03s] model dbt_project_schema_l2.customers_stg [success]
16:35:03.871906 [debug]: Started analyzing model dbt_project_schema_l2.customers_stg
16:35:03.871921 [debug]: Finished rendering [  0.03s] model dbt_project_schema_l3.customerorder [success]
16:35:03.871931 [debug]: Started analyzing model dbt_project_schema_l3.customerorder
16:35:03.887047 [debug]: Started analyzing model dbt_project_schema_l3.orderitems_uniq
16:35:03.898533 [debug]: Finished rendering [  0.06s] model dbt_project_schema_l3.orderitems_uniq [success]
16:35:03.929259 [debug]: Finished rendering [  0.09s] seed dbt_project_schema_l3.salestargets [success]
16:35:03.929327 [debug]: Started analyzing seed dbt_project_schema_l3.salestargets
16:35:03.930418 [info ]:  Succeeded [  0.09s] seed  dbt_project_schema_l3.salestargets (table)
16:35:03.930752 [debug]: Finished analyzing [  0.00s] seed dbt_project_schema_l3.salestargets [success]
16:35:03.955911 [info ]:  Succeeded [  0.11s] model dbt_project_schema_l3.hook_test (view)
16:35:03.955957 [debug]: Finished analyzing [  0.08s] model dbt_project_schema_l3.hook_test [success]
16:35:03.956118 [info ]:  Succeeded [  0.11s] model dbt_project_schema_l2.orderitems_stg (view)
16:35:03.956404 [debug]: Finished analyzing [  0.08s] model dbt_project_schema_l2.orderitems_stg [success]
16:35:03.957428 [info ]:  Succeeded [  0.12s] model dbt_project_schema_l2.orders_stg (view)
16:35:03.957477 [debug]: Finished analyzing [  0.09s] model dbt_project_schema_l2.orders_stg [success]
16:35:03.957807 [info ]: Started model dbt_project_schema_l2.orders_fact
16:35:03.957845 [debug]: Started rendering model dbt_project_schema_l2.orders_fact
16:35:03.960926 [debug]: Started analyzing model dbt_project_schema_l2.orders_fact
16:35:03.961147 [debug]: Finished rendering [  0.00s] model dbt_project_schema_l2.orders_fact [success]
16:35:03.967143 [info ]:  Succeeded [  0.12s] model dbt_project_schema_l2.customers_stg (view)
16:35:03.967195 [debug]: Finished analyzing [  0.10s] model dbt_project_schema_l2.customers_stg [success]
16:35:03.968081 [info ]:  Succeeded [  0.13s] model dbt_project_schema_l3.employees_stg (view)
16:35:03.968120 [debug]: Finished analyzing [  0.10s] model dbt_project_schema_l3.employees_stg [success]
16:35:03.972961 [info ]:  Succeeded [  0.13s] model dbt_project_schema_l3.orderitems_uniq (view)
16:35:03.973015 [debug]: Finished analyzing [  0.09s] model dbt_project_schema_l3.orderitems_uniq [success]
16:35:03.980274 [info ]:  Succeeded [  0.02s] model dbt_project_schema_l2.orders_fact (table)
16:35:03.980322 [debug]: Finished analyzing [  0.02s] model dbt_project_schema_l2.orders_fact [success]
16:35:03.980351 [debug]: Started analyzing analysis dbt_project_schema_l3.StoreRevenue
16:35:03.980394 [info ]: Started model dbt_project_schema_l3.storeperformance
16:35:03.980407 [debug]: Started rendering model dbt_project_schema_l3.storeperformance
16:35:03.980428 [info ]: Started model dbt_project_schema_l3.customerrevenue
16:35:03.980441 [debug]: Started rendering model dbt_project_schema_l3.customerrevenue
16:35:03.983158 [debug]: Finished rendering [  0.00s] model dbt_project_schema_l3.storeperformance [success]
16:35:03.983260 [debug]: Started analyzing model dbt_project_schema_l3.storeperformance
16:35:03.984693 [info ]:  Succeeded [  0.14s] model dbt_project_schema_l3.customerorder (table)
16:35:03.984737 [debug]: Finished analyzing [  0.11s] model dbt_project_schema_l3.customerorder [success]
16:35:03.986121 [debug]: Finished rendering [  0.01s] model dbt_project_schema_l3.customerrevenue [success]
16:35:03.986155 [info ]: Finished rendering [  0.15s] (12 nodes, 0 skipped, 0 errors)
16:35:03.986189 [debug]: Started analyzing model dbt_project_schema_l3.customerrevenue
16:35:03.998465 [info ]:  Succeeded [  0.02s] model dbt_project_schema_l3.customerrevenue (table)
16:35:03.998521 [debug]: Finished analyzing [  0.01s] model dbt_project_schema_l3.customerrevenue [success]
16:35:04.000678 [info ]:  Succeeded [  0.02s] model dbt_project_schema_l3.storeperformance (view)
16:35:04.000740 [debug]: Finished analyzing [  0.02s] model dbt_project_schema_l3.storeperformance [success]
16:35:04.000774 [info ]:  Succeeded [  0.05s] analysis dbt_project_schema_l3.StoreRevenue (analysis)
16:35:04.000799 [debug]: Finished analyzing [  0.02s] analysis dbt_project_schema_l3.StoreRevenue [success]
16:35:04.000813 [info ]: Finished analyzing [  0.13s] (12 nodes, 0 skipped, 0 errors)
16:35:04.025847 [info ]: Cached model count updated: 10 models (accurate)
==================== 2026-01-18T13:00:33.379647Z | 6a45fb24-8db5-4411-90ea-e9d610cad5f1 ====================
13:00:33.379738 [info ]: Starting dbt LSP server
13:00:33.379791 [info ]: Connecting to LSP client on port 8000
13:00:33.381626 [info ]: Successfully connected to LSP client
13:00:33.381655 [info ]: Creating LSP service...
13:00:33.468378 [info ]: Creating LSP server...
13:00:33.468425 [info ]: Starting LSP server...
13:00:33.534780 [info ]: Started loading project
13:00:33.540501 [info ]: Loading ~/.dbt/profiles.yml
13:00:43.564819 [info ]: Loading ~/.dbt/profiles.yml
13:00:43.582563 [warn ]: dbt1065: Package 'dbt_utils' requires dbt version [>=1.3.0, <2.0.0], but current version is 2.0.0-preview.92. This package may not be compatible with your dbt version.
13:00:43.818803 [warn ]: dbt1065: Package 'dbt_date' has been moved to 'godatadriven/dbt_date'. Please update your package reference.
13:00:43.818881 [warn ]: dbt1065: Package 'dbt_date' requires dbt version [>=1.2.0, <2.0.0], but current version is 2.0.0-preview.92. This package may not be compatible with your dbt version.
13:00:43.871658 [info ]: Finished loading project [ 10.34s]
13:00:43.880578 [info ]: Started parsing
13:00:44.192859 [info ]: Finished parsing [  0.31s]
13:00:44.198896 [info ]: Cached model count updated: 10 models (estimate)
13:00:44.198927 [info ]: Cached model count updated: 10 models (accurate)
13:00:44.201838 [info ]: Started scheduling
13:00:44.209870 [info ]: Finished scheduling [  0.01s]
13:00:44.637751 [info ]: Started building task graph
13:00:44.643881 [warn ]: dbt1000: Detected unsafe introspection which may lead to non-deterministic static analysis. To suppress this warning, set static_analysis to 'unsafe' in the nodes' configuration. Learn more: https://docs.getdbt.com/docs/fusion/new-concepts. Nodes: 'model.dbt_full_project_tutorial.hook_test' (this)
13:00:44.664460 [info ]: Started rendering (12 nodes)
13:00:44.667994 [info ]: Started seed dbt_project_schema_l3.salestargets
13:00:44.669466 [debug]: Started rendering seed dbt_project_schema_l3.salestargets
13:00:44.670013 [info ]: Started model dbt_project_schema_l3.orderitems_uniq
13:00:44.670035 [debug]: Started rendering model dbt_project_schema_l3.orderitems_uniq
13:00:44.670072 [info ]: Started model dbt_project_schema_l3.hook_test
13:00:44.670075 [info ]: Finished building task graph [  0.03s]
13:00:44.670088 [debug]: Started rendering model dbt_project_schema_l3.hook_test
13:00:44.670107 [info ]: Started model dbt_project_schema_l3.employees_stg
13:00:44.670123 [debug]: Started rendering model dbt_project_schema_l3.employees_stg
13:00:44.670147 [info ]: Started model dbt_project_schema_l2.customers_stg
13:00:44.670161 [debug]: Started rendering model dbt_project_schema_l2.customers_stg
13:00:44.670175 [info ]: Started model dbt_project_schema_l3.customerorder
13:00:44.670188 [debug]: Started rendering model dbt_project_schema_l3.customerorder
13:00:44.670447 [info ]: Started analysis dbt_project_schema_l3.StoreRevenue
13:00:44.670471 [debug]: Started rendering analysis dbt_project_schema_l3.StoreRevenue
13:00:44.670496 [info ]: Started model dbt_project_schema_l2.orders_stg
13:00:44.670506 [debug]: Started rendering model dbt_project_schema_l2.orders_stg
13:00:44.670524 [info ]: Started model dbt_project_schema_l2.orderitems_stg
13:00:44.670537 [debug]: Started rendering model dbt_project_schema_l2.orderitems_stg
13:00:44.710367 [debug]: Finished rendering [  0.04s] model dbt_project_schema_l2.orders_stg [success]
13:00:44.710472 [info ]: Started analyzing (12 nodes)
13:00:44.710504 [debug]: Started analyzing model dbt_project_schema_l2.orders_stg
13:00:44.710552 [debug]: Finished rendering [  0.04s] model dbt_project_schema_l3.hook_test [success]
13:00:44.710573 [debug]: Started analyzing model dbt_project_schema_l3.hook_test
13:00:44.710625 [debug]: Started analyzing model dbt_project_schema_l2.customers_stg
13:00:44.710652 [debug]: Finished rendering [  0.04s] model dbt_project_schema_l3.employees_stg [success]
13:00:44.710668 [debug]: Started analyzing model dbt_project_schema_l3.employees_stg
13:00:44.710689 [debug]: Finished rendering [  0.04s] model dbt_project_schema_l3.customerorder [success]
13:00:44.710702 [debug]: Started analyzing model dbt_project_schema_l3.customerorder
13:00:44.710720 [debug]: Finished rendering [  0.04s] model dbt_project_schema_l2.orderitems_stg [success]
13:00:44.710732 [debug]: Started analyzing model dbt_project_schema_l2.orderitems_stg
13:00:44.710768 [debug]: Finished rendering [  0.04s] analysis dbt_project_schema_l3.StoreRevenue [success]
13:00:44.710974 [debug]: Finished rendering [  0.04s] model dbt_project_schema_l2.customers_stg [success]
13:00:44.727889 [debug]: Started analyzing model dbt_project_schema_l3.orderitems_uniq
13:00:44.741906 [debug]: Finished rendering [  0.07s] model dbt_project_schema_l3.orderitems_uniq [success]
13:00:44.778595 [debug]: Finished rendering [  0.11s] seed dbt_project_schema_l3.salestargets [success]
13:00:44.778666 [debug]: Started analyzing seed dbt_project_schema_l3.salestargets
13:00:44.782397 [info ]:  Succeeded [  0.11s] seed  dbt_project_schema_l3.salestargets (table)
13:00:44.783531 [debug]: Finished analyzing [  0.00s] seed dbt_project_schema_l3.salestargets [success]
13:00:44.867876 [info ]:  Succeeded [  0.20s] model dbt_project_schema_l3.hook_test (view)
13:00:44.867918 [debug]: Finished analyzing [  0.16s] model dbt_project_schema_l3.hook_test [success]
13:00:44.868139 [info ]:  Succeeded [  0.20s] model dbt_project_schema_l2.orderitems_stg (view)
13:00:44.868170 [debug]: Finished analyzing [  0.16s] model dbt_project_schema_l2.orderitems_stg [success]
13:00:44.871225 [info ]:  Succeeded [  0.20s] model dbt_project_schema_l2.orders_stg (view)
13:00:44.871275 [debug]: Finished analyzing [  0.16s] model dbt_project_schema_l2.orders_stg [success]
13:00:44.871573 [info ]: Started model dbt_project_schema_l2.orders_fact
13:00:44.871608 [debug]: Started rendering model dbt_project_schema_l2.orders_fact
13:00:44.873453 [debug]: Finished rendering [  0.00s] model dbt_project_schema_l2.orders_fact [success]
13:00:44.873502 [debug]: Started analyzing model dbt_project_schema_l2.orders_fact
13:00:44.885903 [info ]:  Succeeded [  0.21s] model dbt_project_schema_l3.employees_stg (view)
13:00:44.885952 [debug]: Finished analyzing [  0.18s] model dbt_project_schema_l3.employees_stg [success]
13:00:44.885976 [info ]:  Succeeded [  0.21s] model dbt_project_schema_l2.customers_stg (view)
13:00:44.885989 [debug]: Finished analyzing [  0.18s] model dbt_project_schema_l2.customers_stg [success]
13:00:44.887920 [info ]:  Succeeded [  0.22s] model dbt_project_schema_l3.orderitems_uniq (view)
13:00:44.887976 [debug]: Finished analyzing [  0.16s] model dbt_project_schema_l3.orderitems_uniq [success]
13:00:44.895790 [info ]:  Succeeded [  0.02s] model dbt_project_schema_l2.orders_fact (table)
13:00:44.895836 [debug]: Finished analyzing [  0.02s] model dbt_project_schema_l2.orders_fact [success]
13:00:44.895864 [debug]: Started analyzing analysis dbt_project_schema_l3.StoreRevenue
13:00:44.895898 [info ]: Started model dbt_project_schema_l3.customerrevenue
13:00:44.895915 [debug]: Started rendering model dbt_project_schema_l3.customerrevenue
13:00:44.895937 [info ]: Started model dbt_project_schema_l3.storeperformance
13:00:44.895946 [debug]: Started rendering model dbt_project_schema_l3.storeperformance
13:00:44.898851 [debug]: Started analyzing model dbt_project_schema_l3.customerrevenue
13:00:44.899411 [debug]: Started analyzing model dbt_project_schema_l3.storeperformance
13:00:44.899949 [debug]: Finished rendering [  0.00s] model dbt_project_schema_l3.customerrevenue [success]
13:00:44.899987 [debug]: Finished rendering [  0.00s] model dbt_project_schema_l3.storeperformance [success]
13:00:44.899997 [info ]: Finished rendering [  0.24s] (12 nodes, 0 skipped, 0 errors)
13:00:44.907235 [info ]:  Succeeded [  0.05s] analysis dbt_project_schema_l3.StoreRevenue (analysis)
13:00:44.907288 [debug]: Finished analyzing [  0.01s] analysis dbt_project_schema_l3.StoreRevenue [success]
13:00:44.914397 [info ]:  Succeeded [  0.02s] model dbt_project_schema_l3.customerrevenue (table)
13:00:44.914539 [debug]: Finished analyzing [  0.02s] model dbt_project_schema_l3.customerrevenue [success]
13:00:44.914593 [info ]:  Succeeded [  0.02s] model dbt_project_schema_l3.storeperformance (view)
13:00:44.914625 [debug]: Finished analyzing [  0.02s] model dbt_project_schema_l3.storeperformance [success]
13:00:44.928784 [info ]:  Succeeded [  0.26s] model dbt_project_schema_l3.customerorder (table)
13:00:44.928822 [debug]: Finished analyzing [  0.22s] model dbt_project_schema_l3.customerorder [success]
13:00:44.928829 [info ]: Finished analyzing [  0.22s] (12 nodes, 0 skipped, 0 errors)
13:00:44.939267 [info ]: Cached model count updated: 10 models (accurate)
